<?xml version="1.0" ?>
<!DOCTYPE coverage
  SYSTEM 'http://cobertura.sourceforge.net/xml/coverage-03.dtd'>
<coverage branch-rate="0.217433258282" line-rate="0.376241963764"
 timestamp="1493550542" version="gcovr 3.3">
 <sources>
  <source>.</source>
 </sources>
 <packages>
  <package branch-rate="0.25" complexity="0.0" line-rate="0.794871794872"
   name="plugins.dark-theme">
   <classes>
    <class branch-rate="0.25" complexity="0.0"
     filename="plugins/dark-theme/gtd-plugin-dark-theme.c"
     line-rate="0.794871794872" name="gtd-plugin-dark-theme_c">
     <methods/>
     <lines>
      <line branch="true" condition-coverage="50% (1/2)" hits="9" number="31">
       <conditions>
        <condition coverage="50%" number="0" type="jump"/>
       </conditions>
      </line>
      <line branch="false" hits="3" number="45"/>
      <line branch="false" hits="3" number="47"/>
      <line branch="false" hits="3" number="50"/>
      <line branch="false" hits="0" number="53"/>
      <line branch="false" hits="0" number="55"/>
      <line branch="false" hits="3" number="61"/>
      <line branch="false" hits="3" number="63"/>
      <line branch="false" hits="3" number="67"/>
      <line branch="false" hits="3" number="69"/>
      <line branch="false" hits="3" number="73"/>
      <line branch="false" hits="3" number="75"/>
      <line branch="false" hits="3" number="79"/>
      <line branch="false" hits="3" number="81"/>
      <line branch="false" hits="3" number="85"/>
      <line branch="false" hits="3" number="87"/>
      <line branch="false" hits="3" number="88"/>
      <line branch="false" hits="3" number="89"/>
      <line branch="false" hits="3" number="90"/>
      <line branch="false" hits="3" number="91"/>
      <line branch="false" hits="3" number="92"/>
      <line branch="false" hits="3" number="93"/>
      <line branch="false" hits="0" number="96"/>
      <line branch="true" condition-coverage="0% (0/2)" hits="0" number="101">
       <conditions>
        <condition coverage="0%" number="0" type="jump"/>
       </conditions>
      </line>
      <line branch="false" hits="0" number="104"/>
      <line branch="false" hits="0" number="105"/>
      <line branch="false" hits="0" number="108"/>
      <line branch="false" hits="3" number="113"/>
      <line branch="false" hits="3" number="115"/>
      <line branch="false" hits="3" number="117"/>
      <line branch="false" hits="3" number="119"/>
      <line branch="false" hits="3" number="122"/>
      <line branch="false" hits="3" number="125"/>
      <line branch="false" hits="3" number="127"/>
      <line branch="false" hits="0" number="130"/>
      <line branch="false" hits="3" number="135"/>
      <line branch="false" hits="3" number="137"/>
      <line branch="false" hits="3" number="139"/>
      <line branch="false" hits="3" number="142"/>
     </lines>
    </class>
   </classes>
  </package>
  <package branch-rate="0.238683127572" complexity="0.0"
   line-rate="0.373844121532" name="plugins.eds">
   <classes>
    <class branch-rate="0.208333333333" complexity="0.0"
     filename="plugins/eds/gtd-plugin-eds.c" line-rate="0.545454545455"
     name="gtd-plugin-eds_c">
     <methods/>
     <lines>
      <line branch="true" condition-coverage="50% (1/2)" hits="18"
       number="68">
       <conditions>
        <condition coverage="50%" number="0" type="jump"/>
       </conditions>
      </line>
      <line branch="false" hits="3" number="77"/>
      <line branch="false" hits="3" number="80"/>
      <line branch="false" hits="0" number="83"/>
      <line branch="false" hits="3" number="89"/>
      <line branch="false" hits="3" number="91"/>
      <line branch="false" hits="0" number="95"/>
      <line branch="false" hits="0" number="97"/>
      <line branch="false" hits="3" number="101"/>
      <line branch="false" hits="3" number="103"/>
      <line branch="false" hits="3" number="107"/>
      <line branch="false" hits="3" number="109"/>
      <line branch="false" hits="3" number="111"/>
      <line branch="false" hits="3" number="115"/>
      <line branch="false" hits="3" number="117"/>
      <line branch="false" hits="3" number="118"/>
      <line branch="false" hits="3" number="119"/>
      <line branch="false" hits="3" number="120"/>
      <line branch="false" hits="3" number="121"/>
      <line branch="false" hits="3" number="122"/>
      <line branch="false" hits="3" number="123"/>
      <line branch="false" hits="0" number="131"/>
      <line branch="false" hits="0" number="138"/>
      <line branch="true" condition-coverage="0% (0/2)" hits="0" number="140">
       <conditions>
        <condition coverage="0%" number="0" type="jump"/>
       </conditions>
      </line>
      <line branch="false" hits="0" number="141"/>
      <line branch="true" condition-coverage="0% (0/2)" hits="0" number="143">
       <conditions>
        <condition coverage="0%" number="0" type="jump"/>
       </conditions>
      </line>
      <line branch="true" condition-coverage="0% (0/2)" hits="0" number="145">
       <conditions>
        <condition coverage="0%" number="0" type="jump"/>
       </conditions>
      </line>
      <line branch="false" hits="0" number="146"/>
      <line branch="true" condition-coverage="0% (0/2)" hits="0" number="148">
       <conditions>
        <condition coverage="0%" number="0" type="jump"/>
       </conditions>
      </line>
      <line branch="false" hits="0" number="150"/>
      <line branch="false" hits="0" number="151"/>
      <line branch="false" hits="0" number="153"/>
      <line branch="false" hits="0" number="154"/>
      <line branch="false" hits="0" number="160"/>
      <line branch="false" hits="0" number="166"/>
      <line branch="true" condition-coverage="0% (0/2)" hits="0" number="168">
       <conditions>
        <condition coverage="0%" number="0" type="jump"/>
       </conditions>
      </line>
      <line branch="false" hits="0" number="172"/>
      <line branch="false" hits="0" number="174"/>
      <line branch="false" hits="0" number="176"/>
      <line branch="false" hits="3" number="181"/>
      <line branch="false" hits="3" number="189"/>
      <line branch="false" hits="3" number="190"/>
      <line branch="false" hits="3" number="192"/>
      <line branch="true" condition-coverage="50% (1/2)" hits="3"
       number="194">
       <conditions>
        <condition coverage="50%" number="0" type="jump"/>
       </conditions>
      </line>
      <line branch="false" hits="3" number="200"/>
      <line branch="true" condition-coverage="50% (1/2)" hits="3"
       number="202">
       <conditions>
        <condition coverage="50%" number="0" type="jump"/>
       </conditions>
      </line>
      <line branch="false" hits="0" number="207"/>
      <line branch="false" hits="0" number="208"/>
      <line branch="true" condition-coverage="0% (0/2)" hits="0" number="210">
       <conditions>
        <condition coverage="0%" number="0" type="jump"/>
       </conditions>
      </line>
      <line branch="false" hits="0" number="214"/>
      <line branch="false" hits="0" number="217"/>
      <line branch="false" hits="0" number="219"/>
      <line branch="false" hits="0" number="221"/>
      <line branch="false" hits="0" number="224"/>
      <line branch="false" hits="3" number="228"/>
      <line branch="false" hits="3" number="233"/>
      <line branch="false" hits="3" number="238"/>
      <line branch="false" hits="0" number="242"/>
      <line branch="false" hits="0" number="247"/>
      <line branch="false" hits="0" number="248"/>
      <line branch="false" hits="0" number="249"/>
      <line branch="false" hits="0" number="250"/>
      <line branch="false" hits="3" number="252"/>
      <line branch="false" hits="3" number="257"/>
      <line branch="false" hits="3" number="261"/>
      <line branch="false" hits="3" number="264"/>
      <line branch="false" hits="3" number="266"/>
      <line branch="false" hits="3" number="267"/>
      <line branch="true" condition-coverage="50% (1/2)" hits="3"
       number="270">
       <conditions>
        <condition coverage="50%" number="0" type="jump"/>
       </conditions>
      </line>
      <line branch="false" hits="0" number="272"/>
      <line branch="false" hits="0" number="276"/>
      <line branch="false" hits="0" number="277"/>
      <line branch="false" hits="3" number="281"/>
      <line branch="false" hits="3" number="283"/>
      <line branch="false" hits="3" number="285"/>
      <line branch="false" hits="3" number="292"/>
      <line branch="false" hits="0" number="298"/>
      <line branch="false" hits="0" number="300"/>
      <line branch="false" hits="0" number="302"/>
      <line branch="false" hits="0" number="303"/>
      <line branch="false" hits="0" number="305"/>
      <line branch="false" hits="0" number="309"/>
      <line branch="true" condition-coverage="0% (0/2)" hits="0" number="314">
       <conditions>
        <condition coverage="0%" number="0" type="jump"/>
       </conditions>
      </line>
      <line branch="false" hits="0" number="317"/>
      <line branch="false" hits="0" number="318"/>
      <line branch="false" hits="0" number="321"/>
      <line branch="false" hits="3" number="326"/>
      <line branch="false" hits="3" number="328"/>
      <line branch="false" hits="3" number="330"/>
      <line branch="false" hits="3" number="331"/>
      <line branch="false" hits="3" number="333"/>
      <line branch="false" hits="3" number="336"/>
      <line branch="false" hits="3" number="339"/>
      <line branch="false" hits="3" number="341"/>
      <line branch="false" hits="3" number="345"/>
      <line branch="false" hits="3" number="350"/>
      <line branch="false" hits="3" number="351"/>
      <line branch="false" hits="3" number="352"/>
      <line branch="false" hits="3" number="355"/>
      <line branch="false" hits="3" number="357"/>
      <line branch="true" condition-coverage="50% (1/2)" hits="3"
       number="360">
       <conditions>
        <condition coverage="50%" number="0" type="jump"/>
       </conditions>
      </line>
      <line branch="false" hits="0" number="362"/>
      <line branch="false" hits="0" number="367"/>
      <line branch="false" hits="3" number="370"/>
      <line branch="false" hits="3" number="371"/>
      <line branch="false" hits="0" number="375"/>
      <line branch="false" hits="3" number="380"/>
      <line branch="false" hits="3" number="382"/>
      <line branch="false" hits="3" number="384"/>
      <line branch="false" hits="3" number="387"/>
     </lines>
    </class>
    <class branch-rate="0.0" complexity="0.0"
     filename="plugins/eds/gtd-plugin-eds.h" line-rate="1.0"
     name="gtd-plugin-eds_h">
     <methods/>
     <lines>
      <line branch="false" hits="9" number="29"/>
     </lines>
    </class>
    <class branch-rate="0.1875" complexity="0.0"
     filename="plugins/eds/gtd-provider-eds.c" line-rate="0.303571428571"
     name="gtd-provider-eds_c">
     <methods/>
     <lines>
      <line branch="true" condition-coverage="75% (6/8)" hits="45"
       number="55">
       <conditions>
        <condition coverage="75%" number="0" type="jump"/>
       </conditions>
      </line>
      <line branch="false" hits="3" number="64"/>
      <line branch="false" hits="3" number="69"/>
      <line branch="false" hits="3" number="70"/>
      <line branch="false" hits="3" number="71"/>
      <line branch="false" hits="3" number="73"/>
      <line branch="false" hits="0" number="77"/>
      <line branch="false" hits="0" number="83"/>
      <line branch="false" hits="0" number="84"/>
      <line branch="false" hits="0" number="86"/>
      <line branch="false" hits="0" number="87"/>
      <line branch="false" hits="3" number="91"/>
      <line branch="false" hits="3" number="96"/>
      <line branch="false" hits="3" number="98"/>
      <line branch="true" condition-coverage="50% (1/2)" hits="3"
       number="100">
       <conditions>
        <condition coverage="50%" number="0" type="jump"/>
       </conditions>
      </line>
      <line branch="false" hits="3" number="102"/>
      <line branch="false" hits="3" number="104"/>
      <line branch="false" hits="3" number="109"/>
      <line branch="false" hits="3" number="110"/>
      <line branch="true" condition-coverage="50% (1/2)" hits="3"
       number="112">
       <conditions>
        <condition coverage="50%" number="0" type="jump"/>
       </conditions>
      </line>
      <line branch="true" condition-coverage="50% (1/2)" hits="3"
       number="116">
       <conditions>
        <condition coverage="50%" number="0" type="jump"/>
       </conditions>
      </line>
      <line branch="false" hits="0" number="120"/>
      <line branch="false" hits="0" number="121"/>
      <line branch="false" hits="0" number="123"/>
      <line branch="false" hits="3" number="126"/>
      <line branch="false" hits="0" number="130"/>
      <line branch="false" hits="0" number="135"/>
      <line branch="false" hits="0" number="136"/>
      <line branch="false" hits="0" number="137"/>
      <line branch="false" hits="0" number="138"/>
      <line branch="false" hits="0" number="139"/>
      <line branch="false" hits="3" number="144"/>
      <line branch="false" hits="3" number="152"/>
      <line branch="false" hits="3" number="154"/>
      <line branch="false" hits="3" number="155"/>
      <line branch="false" hits="3" number="156"/>
      <line branch="false" hits="3" number="157"/>
      <line branch="true" condition-coverage="50% (1/2)" hits="3"
       number="159">
       <conditions>
        <condition coverage="50%" number="0" type="jump"/>
       </conditions>
      </line>
      <line branch="false" hits="3" number="166"/>
      <line branch="false" hits="3" number="169"/>
      <line branch="false" hits="3" number="172"/>
      <line branch="false" hits="3" number="175"/>
      <line branch="false" hits="3" number="178"/>
      <line branch="false" hits="3" number="184"/>
      <line branch="false" hits="3" number="186"/>
      <line branch="false" hits="3" number="187"/>
      <line branch="false" hits="3" number="190"/>
      <line branch="false" hits="3" number="192"/>
      <line branch="false" hits="3" number="194"/>
      <line branch="false" hits="0" number="201"/>
      <line branch="false" hits="0" number="207"/>
      <line branch="false" hits="0" number="208"/>
      <line branch="false" hits="0" number="209"/>
      <line branch="false" hits="0" number="211"/>
      <line branch="false" hits="0" number="212"/>
      <line branch="false" hits="3" number="224"/>
      <line branch="false" hits="3" number="230"/>
      <line branch="false" hits="3" number="231"/>
      <line branch="false" hits="3" number="232"/>
      <line branch="true" condition-coverage="50% (2/4)" hits="6"
       number="234">
       <conditions>
        <condition coverage="50%" number="0" type="jump"/>
       </conditions>
      </line>
      <line branch="true" condition-coverage="50% (1/2)" hits="6"
       number="235">
       <conditions>
        <condition coverage="50%" number="0" type="jump"/>
       </conditions>
      </line>
      <line branch="false" hits="3" number="236"/>
      <line branch="false" hits="3" number="238"/>
      <line branch="false" hits="3" number="246"/>
      <line branch="false" hits="3" number="248"/>
      <line branch="false" hits="3" number="252"/>
      <line branch="false" hits="3" number="257"/>
      <line branch="false" hits="3" number="258"/>
      <line branch="false" hits="3" number="259"/>
      <line branch="false" hits="3" number="268"/>
      <line branch="false" hits="3" number="271"/>
      <line branch="false" hits="0" number="274"/>
      <line branch="false" hits="0" number="280"/>
      <line branch="false" hits="0" number="281"/>
      <line branch="false" hits="0" number="283"/>
      <line branch="false" hits="0" number="285"/>
      <line branch="false" hits="0" number="291"/>
      <line branch="false" hits="0" number="302"/>
      <line branch="false" hits="0" number="306"/>
      <line branch="false" hits="0" number="307"/>
      <line branch="false" hits="0" number="310"/>
      <line branch="false" hits="0" number="314"/>
      <line branch="true" condition-coverage="0% (0/2)" hits="0" number="318">
       <conditions>
        <condition coverage="0%" number="0" type="jump"/>
       </conditions>
      </line>
      <line branch="false" hits="0" number="320"/>
      <line branch="false" hits="0" number="327"/>
      <line branch="false" hits="0" number="331"/>
      <line branch="false" hits="0" number="335"/>
      <line branch="false" hits="0" number="336"/>
      <line branch="false" hits="0" number="337"/>
      <line branch="false" hits="0" number="339"/>
      <line branch="true" condition-coverage="0% (0/2)" hits="0" number="341">
       <conditions>
        <condition coverage="0%" number="0" type="jump"/>
       </conditions>
      </line>
      <line branch="false" hits="0" number="343"/>
      <line branch="true" condition-coverage="0% (0/4)" hits="0" number="350">
       <conditions>
        <condition coverage="0%" number="0" type="jump"/>
       </conditions>
      </line>
      <line branch="false" hits="0" number="353"/>
      <line branch="false" hits="0" number="360"/>
      <line branch="false" hits="0" number="364"/>
      <line branch="true" condition-coverage="0% (0/2)" hits="0" number="375">
       <conditions>
        <condition coverage="0%" number="0" type="jump"/>
       </conditions>
      </line>
      <line branch="false" hits="0" number="377"/>
      <line branch="false" hits="0" number="378"/>
      <line branch="true" condition-coverage="0% (0/2)" hits="0" number="380">
       <conditions>
        <condition coverage="0%" number="0" type="jump"/>
       </conditions>
      </line>
      <line branch="false" hits="0" number="381"/>
      <line branch="true" condition-coverage="0% (0/2)" hits="0" number="383">
       <conditions>
        <condition coverage="0%" number="0" type="jump"/>
       </conditions>
      </line>
      <line branch="true" condition-coverage="0% (0/2)" hits="0" number="385">
       <conditions>
        <condition coverage="0%" number="0" type="jump"/>
       </conditions>
      </line>
      <line branch="true" condition-coverage="0% (0/4)" hits="0" number="395">
       <conditions>
        <condition coverage="0%" number="0" type="jump"/>
       </conditions>
      </line>
      <line branch="false" hits="0" number="397"/>
      <line branch="false" hits="0" number="407"/>
      <line branch="false" hits="0" number="409"/>
      <line branch="false" hits="0" number="410"/>
      <line branch="true" condition-coverage="0% (0/2)" hits="0" number="412">
       <conditions>
        <condition coverage="0%" number="0" type="jump"/>
       </conditions>
      </line>
      <line branch="true" condition-coverage="0% (0/2)" hits="0" number="413">
       <conditions>
        <condition coverage="0%" number="0" type="jump"/>
       </conditions>
      </line>
      <line branch="true" condition-coverage="0% (0/2)" hits="0" number="414">
       <conditions>
        <condition coverage="0%" number="0" type="jump"/>
       </conditions>
      </line>
      <line branch="false" hits="0" number="416"/>
      <line branch="false" hits="0" number="420"/>
      <line branch="false" hits="0" number="425"/>
      <line branch="false" hits="0" number="426"/>
      <line branch="true" condition-coverage="0% (0/2)" hits="0" number="428">
       <conditions>
        <condition coverage="0%" number="0" type="jump"/>
       </conditions>
      </line>
      <line branch="false" hits="0" number="431"/>
      <line branch="false" hits="0" number="432"/>
      <line branch="false" hits="0" number="435"/>
      <line branch="false" hits="3" number="440"/>
      <line branch="false" hits="3" number="442"/>
      <line branch="false" hits="3" number="445"/>
      <line branch="false" hits="3" number="447"/>
      <line branch="true" condition-coverage="50% (1/2)" hits="3"
       number="449">
       <conditions>
        <condition coverage="50%" number="0" type="jump"/>
       </conditions>
      </line>
      <line branch="false" hits="0" number="451"/>
      <line branch="false" hits="0" number="452"/>
      <line branch="false" hits="0" number="453"/>
      <line branch="false" hits="3" number="457"/>
      <line branch="true" condition-coverage="75% (3/4)" hits="54"
       number="459">
       <conditions>
        <condition coverage="75%" number="0" type="jump"/>
       </conditions>
      </line>
      <line branch="false" hits="51" number="461"/>
      <line branch="false" hits="51" number="464"/>
      <line branch="false" hits="51" number="466"/>
      <line branch="false" hits="3" number="469"/>
      <line branch="false" hits="3" number="472"/>
      <line branch="true" condition-coverage="100% (2/2)" hits="6"
       number="474">
       <conditions>
        <condition coverage="100%" number="0" type="jump"/>
       </conditions>
      </line>
      <line branch="false" hits="3" number="475"/>
      <line branch="false" hits="3" number="477"/>
      <line branch="false" hits="3" number="480"/>
      <line branch="false" hits="3" number="485"/>
      <line branch="false" hits="3" number="490"/>
      <line branch="false" hits="3" number="495"/>
      <line branch="false" hits="3" number="499"/>
      <line branch="false" hits="3" number="501"/>
      <line branch="true" condition-coverage="50% (1/2)" hits="3"
       number="503">
       <conditions>
        <condition coverage="50%" number="0" type="jump"/>
       </conditions>
      </line>
      <line branch="false" hits="3" number="505"/>
      <line branch="false" hits="3" number="506"/>
      <line branch="false" hits="3" number="508"/>
      <line branch="false" hits="0" number="511"/>
      <line branch="false" hits="3" number="515"/>
      <line branch="false" hits="3" number="518"/>
      <line branch="false" hits="3" number="520"/>
      <line branch="false" hits="3" number="522"/>
      <line branch="false" hits="3" number="525"/>
      <line branch="false" hits="0" number="529"/>
      <line branch="false" hits="0" number="533"/>
      <line branch="false" hits="0" number="534"/>
      <line branch="false" hits="0" number="535"/>
      <line branch="false" hits="0" number="537"/>
      <line branch="false" hits="0" number="542"/>
      <line branch="true" condition-coverage="0% (0/2)" hits="0" number="544">
       <conditions>
        <condition coverage="0%" number="0" type="jump"/>
       </conditions>
      </line>
      <line branch="false" hits="0" number="546"/>
      <line branch="false" hits="0" number="548"/>
      <line branch="false" hits="0" number="554"/>
      <line branch="false" hits="0" number="557"/>
      <line branch="false" hits="0" number="558"/>
      <line branch="false" hits="0" number="559"/>
      <line branch="false" hits="0" number="561"/>
      <line branch="false" hits="0" number="566"/>
      <line branch="true" condition-coverage="0% (0/2)" hits="0" number="572">
       <conditions>
        <condition coverage="0%" number="0" type="jump"/>
       </conditions>
      </line>
      <line branch="false" hits="0" number="574"/>
      <line branch="false" hits="0" number="575"/>
      <line branch="false" hits="0" number="579"/>
      <line branch="false" hits="0" number="583"/>
      <line branch="false" hits="0" number="587"/>
      <line branch="false" hits="0" number="588"/>
      <line branch="false" hits="0" number="590"/>
      <line branch="true" condition-coverage="0% (0/2)" hits="0" number="594">
       <conditions>
        <condition coverage="0%" number="0" type="jump"/>
       </conditions>
      </line>
      <line branch="false" hits="0" number="596"/>
      <line branch="false" hits="0" number="601"/>
      <line branch="false" hits="0" number="602"/>
      <line branch="false" hits="0" number="603"/>
      <line branch="false" hits="0" number="605"/>
      <line branch="false" hits="0" number="608"/>
      <line branch="false" hits="0" number="610"/>
      <line branch="false" hits="0" number="614"/>
      <line branch="false" hits="0" number="618"/>
      <line branch="false" hits="0" number="619"/>
      <line branch="false" hits="0" number="621"/>
      <line branch="false" hits="0" number="625"/>
      <line branch="false" hits="0" number="627"/>
      <line branch="false" hits="0" number="628"/>
      <line branch="true" condition-coverage="0% (0/2)" hits="0" number="630">
       <conditions>
        <condition coverage="0%" number="0" type="jump"/>
       </conditions>
      </line>
      <line branch="false" hits="0" number="632"/>
      <line branch="false" hits="0" number="637"/>
      <line branch="false" hits="0" number="638"/>
      <line branch="false" hits="0" number="639"/>
      <line branch="false" hits="0" number="640"/>
      <line branch="false" hits="0" number="641"/>
      <line branch="false" hits="0" number="646"/>
      <line branch="false" hits="0" number="652"/>
      <line branch="false" hits="0" number="654"/>
      <line branch="true" condition-coverage="0% (0/2)" hits="0" number="658">
       <conditions>
        <condition coverage="0%" number="0" type="jump"/>
       </conditions>
      </line>
      <line branch="false" hits="0" number="660"/>
      <line branch="false" hits="0" number="665"/>
      <line branch="false" hits="0" number="666"/>
      <line branch="false" hits="0" number="667"/>
      <line branch="false" hits="0" number="668"/>
      <line branch="false" hits="0" number="673"/>
      <line branch="false" hits="0" number="677"/>
      <line branch="true" condition-coverage="0% (0/2)" hits="0" number="679">
       <conditions>
        <condition coverage="0%" number="0" type="jump"/>
       </conditions>
      </line>
      <line branch="false" hits="0" number="681"/>
      <line branch="false" hits="0" number="686"/>
      <line branch="false" hits="0" number="687"/>
      <line branch="false" hits="0" number="688"/>
      <line branch="false" hits="0" number="689"/>
      <line branch="false" hits="0" number="695"/>
      <line branch="false" hits="0" number="699"/>
      <line branch="false" hits="0" number="701"/>
      <line branch="false" hits="0" number="705"/>
      <line branch="false" hits="0" number="706"/>
      <line branch="false" hits="0" number="711"/>
      <line branch="false" hits="0" number="715"/>
      <line branch="false" hits="0" number="717"/>
      <line branch="false" hits="0" number="721"/>
      <line branch="false" hits="0" number="722"/>
      <line branch="false" hits="0" number="727"/>
      <line branch="false" hits="0" number="731"/>
      <line branch="true" condition-coverage="0% (0/2)" hits="0" number="733">
       <conditions>
        <condition coverage="0%" number="0" type="jump"/>
       </conditions>
      </line>
      <line branch="false" hits="0" number="735"/>
      <line branch="false" hits="0" number="736"/>
      <line branch="true" condition-coverage="0% (0/2)" hits="0" number="740">
       <conditions>
        <condition coverage="0%" number="0" type="jump"/>
       </conditions>
      </line>
      <line branch="false" hits="0" number="742"/>
      <line branch="false" hits="0" number="747"/>
      <line branch="false" hits="0" number="748"/>
      <line branch="false" hits="0" number="749"/>
      <line branch="false" hits="0" number="750"/>
      <line branch="false" hits="0" number="751"/>
      <line branch="false" hits="3" number="756"/>
      <line branch="false" hits="3" number="761"/>
      <line branch="true" condition-coverage="50% (1/2)" hits="3"
       number="763">
       <conditions>
        <condition coverage="50%" number="0" type="jump"/>
       </conditions>
      </line>
      <line branch="false" hits="3" number="766"/>
      <line branch="false" hits="3" number="767"/>
      <line branch="false" hits="0" number="770"/>
      <line branch="false" hits="3" number="772"/>
      <line branch="false" hits="3" number="775"/>
      <line branch="false" hits="3" number="777"/>
      <line branch="false" hits="3" number="779"/>
      <line branch="false" hits="3" number="780"/>
      <line branch="false" hits="3" number="781"/>
      <line branch="false" hits="3" number="783"/>
      <line branch="false" hits="3" number="790"/>
      <line branch="false" hits="3" number="793"/>
      <line branch="false" hits="3" number="795"/>
      <line branch="false" hits="3" number="798"/>
      <line branch="false" hits="3" number="801"/>
      <line branch="false" hits="3" number="805"/>
      <line branch="false" hits="0" number="808"/>
      <line branch="false" hits="0" number="810"/>
      <line branch="false" hits="0" number="816"/>
      <line branch="true" condition-coverage="0% (0/2)" hits="0" number="820">
       <conditions>
        <condition coverage="0%" number="0" type="jump"/>
       </conditions>
      </line>
      <line branch="false" hits="0" number="822"/>
      <line branch="false" hits="0" number="824"/>
      <line branch="false" hits="0" number="828"/>
      <line branch="true" condition-coverage="0% (0/2)" hits="0" number="838">
       <conditions>
        <condition coverage="0%" number="0" type="jump"/>
       </conditions>
      </line>
      <line branch="true" condition-coverage="0% (0/2)" hits="0" number="839">
       <conditions>
        <condition coverage="0%" number="0" type="jump"/>
       </conditions>
      </line>
      <line branch="false" hits="0" number="841"/>
      <line branch="false" hits="0" number="842"/>
      <line branch="false" hits="0" number="843"/>
      <line branch="false" hits="0" number="844"/>
      <line branch="false" hits="0" number="845"/>
      <line branch="false" hits="0" number="848"/>
      <line branch="false" hits="0" number="851"/>
      <line branch="false" hits="0" number="853"/>
      <line branch="false" hits="0" number="861"/>
      <line branch="true" condition-coverage="0% (0/2)" hits="0" number="871">
       <conditions>
        <condition coverage="0%" number="0" type="jump"/>
       </conditions>
      </line>
      <line branch="true" condition-coverage="0% (0/2)" hits="0" number="872">
       <conditions>
        <condition coverage="0%" number="0" type="jump"/>
       </conditions>
      </line>
      <line branch="false" hits="0" number="874"/>
      <line branch="false" hits="0" number="875"/>
      <line branch="false" hits="0" number="876"/>
      <line branch="false" hits="0" number="877"/>
      <line branch="false" hits="0" number="878"/>
      <line branch="false" hits="0" number="881"/>
      <line branch="false" hits="0" number="884"/>
      <line branch="false" hits="0" number="886"/>
      <line branch="false" hits="0" number="895"/>
      <line branch="true" condition-coverage="0% (0/2)" hits="0" number="907">
       <conditions>
        <condition coverage="0%" number="0" type="jump"/>
       </conditions>
      </line>
      <line branch="true" condition-coverage="0% (0/2)" hits="0" number="908">
       <conditions>
        <condition coverage="0%" number="0" type="jump"/>
       </conditions>
      </line>
      <line branch="false" hits="0" number="910"/>
      <line branch="false" hits="0" number="911"/>
      <line branch="false" hits="0" number="912"/>
      <line branch="false" hits="0" number="913"/>
      <line branch="false" hits="0" number="914"/>
      <line branch="false" hits="0" number="915"/>
      <line branch="false" hits="0" number="918"/>
      <line branch="false" hits="0" number="921"/>
      <line branch="false" hits="0" number="923"/>
      <line branch="false" hits="0" number="924"/>
      <line branch="false" hits="0" number="925"/>
      <line branch="false" hits="0" number="931"/>
      <line branch="false" hits="0" number="935"/>
      <line branch="true" condition-coverage="0% (0/2)" hits="0" number="941">
       <conditions>
        <condition coverage="0%" number="0" type="jump"/>
       </conditions>
      </line>
      <line branch="true" condition-coverage="0% (0/2)" hits="0" number="942">
       <conditions>
        <condition coverage="0%" number="0" type="jump"/>
       </conditions>
      </line>
      <line branch="false" hits="0" number="944"/>
      <line branch="false" hits="0" number="945"/>
      <line branch="false" hits="0" number="947"/>
      <line branch="false" hits="0" number="948"/>
      <line branch="true" condition-coverage="0% (0/2)" hits="0" number="954">
       <conditions>
        <condition coverage="0%" number="0" type="jump"/>
       </conditions>
      </line>
      <line branch="false" hits="0" number="958"/>
      <line branch="false" hits="0" number="960"/>
      <line branch="false" hits="0" number="966"/>
      <line branch="false" hits="0" number="971"/>
      <line branch="true" condition-coverage="0% (0/2)" hits="0" number="978">
       <conditions>
        <condition coverage="0%" number="0" type="jump"/>
       </conditions>
      </line>
      <line branch="true" condition-coverage="0% (0/2)" hits="0" number="979">
       <conditions>
        <condition coverage="0%" number="0" type="jump"/>
       </conditions>
      </line>
      <line branch="false" hits="0" number="981"/>
      <line branch="false" hits="0" number="982"/>
      <line branch="false" hits="0" number="984"/>
      <line branch="false" hits="0" number="985"/>
      <line branch="false" hits="0" number="993"/>
      <line branch="true" condition-coverage="0% (0/2)" hits="0" number="998">
       <conditions>
        <condition coverage="0%" number="0" type="jump"/>
       </conditions>
      </line>
      <line branch="true" condition-coverage="0% (0/2)" hits="0" number="999">
       <conditions>
        <condition coverage="0%" number="0" type="jump"/>
       </conditions>
      </line>
      <line branch="false" hits="0" number="1001"/>
      <line branch="false" hits="0" number="1003"/>
      <line branch="true" condition-coverage="0% (0/2)" hits="0"
       number="1005">
       <conditions>
        <condition coverage="0%" number="0" type="jump"/>
       </conditions>
      </line>
      <line branch="false" hits="0" number="1007"/>
      <line branch="false" hits="0" number="1014"/>
      <line branch="false" hits="3" number="1022"/>
      <line branch="false" hits="3" number="1024"/>
      <line branch="false" hits="3" number="1026"/>
      <line branch="false" hits="0" number="1030"/>
      <line branch="false" hits="0" number="1036"/>
      <line branch="false" hits="0" number="1037"/>
      <line branch="false" hits="0" number="1038"/>
      <line branch="true" condition-coverage="0% (0/2)" hits="0"
       number="1040">
       <conditions>
        <condition coverage="0%" number="0" type="jump"/>
       </conditions>
      </line>
      <line branch="true" condition-coverage="0% (0/2)" hits="0"
       number="1042">
       <conditions>
        <condition coverage="0%" number="0" type="jump"/>
       </conditions>
      </line>
      <line branch="false" hits="0" number="1043"/>
      <line branch="false" hits="0" number="1045"/>
     </lines>
    </class>
    <class branch-rate="0.5" complexity="0.0"
     filename="plugins/eds/gtd-provider-eds.h" line-rate="1.0"
     name="gtd-provider-eds_h">
     <methods/>
     <lines>
      <line branch="true" condition-coverage="50% (3/6)" hits="18"
       number="31">
       <conditions>
        <condition coverage="50%" number="0" type="jump"/>
       </conditions>
      </line>
     </lines>
    </class>
    <class branch-rate="0.0" complexity="0.0"
     filename="plugins/eds/gtd-provider-goa.c" line-rate="0.0"
     name="gtd-provider-goa_c">
     <methods/>
     <lines>
      <line branch="true" condition-coverage="0% (0/8)" hits="0" number="36">
       <conditions>
        <condition coverage="0%" number="0" type="jump"/>
       </conditions>
      </line>
      <line branch="false" hits="0" number="55"/>
      <line branch="false" hits="0" number="59"/>
      <line branch="false" hits="0" number="61"/>
      <line branch="false" hits="0" number="65"/>
      <line branch="false" hits="0" number="69"/>
      <line branch="false" hits="0" number="71"/>
      <line branch="false" hits="0" number="75"/>
      <line branch="false" hits="0" number="79"/>
      <line branch="false" hits="0" number="81"/>
      <line branch="false" hits="0" number="86"/>
      <line branch="false" hits="0" number="90"/>
      <line branch="false" hits="0" number="92"/>
      <line branch="false" hits="0" number="96"/>
      <line branch="false" hits="0" number="100"/>
      <line branch="false" hits="0" number="102"/>
      <line branch="false" hits="0" number="106"/>
      <line branch="false" hits="0" number="108"/>
      <line branch="false" hits="0" number="112"/>
      <line branch="false" hits="0" number="115"/>
      <line branch="false" hits="0" number="119"/>
      <line branch="false" hits="0" number="122"/>
      <line branch="false" hits="0" number="126"/>
      <line branch="false" hits="0" number="129"/>
      <line branch="false" hits="0" number="133"/>
      <line branch="false" hits="0" number="136"/>
      <line branch="false" hits="0" number="138"/>
      <line branch="false" hits="0" number="142"/>
      <line branch="false" hits="0" number="145"/>
      <line branch="false" hits="0" number="147"/>
      <line branch="false" hits="0" number="151"/>
      <line branch="false" hits="0" number="154"/>
      <line branch="false" hits="0" number="156"/>
      <line branch="false" hits="0" number="160"/>
      <line branch="false" hits="0" number="162"/>
      <line branch="false" hits="0" number="166"/>
      <line branch="false" hits="0" number="168"/>
      <line branch="false" hits="0" number="172"/>
      <line branch="false" hits="0" number="174"/>
      <line branch="false" hits="0" number="175"/>
      <line branch="false" hits="0" number="176"/>
      <line branch="false" hits="0" number="177"/>
      <line branch="false" hits="0" number="178"/>
      <line branch="false" hits="0" number="179"/>
      <line branch="false" hits="0" number="180"/>
      <line branch="false" hits="0" number="181"/>
      <line branch="false" hits="0" number="182"/>
      <line branch="false" hits="0" number="183"/>
      <line branch="false" hits="0" number="184"/>
      <line branch="false" hits="0" number="185"/>
      <line branch="false" hits="0" number="186"/>
      <line branch="false" hits="0" number="187"/>
      <line branch="false" hits="0" number="191"/>
      <line branch="false" hits="0" number="194"/>
      <line branch="true" condition-coverage="0% (0/2)" hits="0" number="196">
       <conditions>
        <condition coverage="0%" number="0" type="jump"/>
       </conditions>
      </line>
      <line branch="false" hits="0" number="200"/>
      <line branch="false" hits="0" number="201"/>
      <line branch="false" hits="0" number="204"/>
      <line branch="false" hits="0" number="209"/>
      <line branch="false" hits="0" number="210"/>
      <line branch="false" hits="0" number="211"/>
      <line branch="false" hits="0" number="214"/>
      <line branch="false" hits="0" number="218"/>
      <line branch="false" hits="0" number="223"/>
      <line branch="false" hits="0" number="225"/>
      <line branch="true" condition-coverage="0% (0/2)" hits="0" number="227">
       <conditions>
        <condition coverage="0%" number="0" type="jump"/>
       </conditions>
      </line>
      <line branch="true" condition-coverage="0% (0/2)" hits="0" number="229">
       <conditions>
        <condition coverage="0%" number="0" type="jump"/>
       </conditions>
      </line>
      <line branch="true" condition-coverage="0% (0/2)" hits="0" number="230">
       <conditions>
        <condition coverage="0%" number="0" type="jump"/>
       </conditions>
      </line>
      <line branch="false" hits="0" number="232"/>
      <line branch="false" hits="0" number="236"/>
      <line branch="false" hits="0" number="241"/>
      <line branch="false" hits="0" number="242"/>
      <line branch="true" condition-coverage="0% (0/7)" hits="0" number="244">
       <conditions>
        <condition coverage="0%" number="0" type="jump"/>
       </conditions>
      </line>
      <line branch="false" hits="0" number="248"/>
      <line branch="false" hits="0" number="249"/>
      <line branch="false" hits="0" number="252"/>
      <line branch="false" hits="0" number="253"/>
      <line branch="false" hits="0" number="256"/>
      <line branch="false" hits="0" number="257"/>
      <line branch="false" hits="0" number="260"/>
      <line branch="false" hits="0" number="261"/>
      <line branch="false" hits="0" number="264"/>
      <line branch="false" hits="0" number="265"/>
      <line branch="false" hits="0" number="268"/>
      <line branch="false" hits="0" number="269"/>
      <line branch="false" hits="0" number="272"/>
      <line branch="false" hits="0" number="277"/>
      <line branch="false" hits="0" number="282"/>
      <line branch="true" condition-coverage="0% (0/2)" hits="0" number="284">
       <conditions>
        <condition coverage="0%" number="0" type="jump"/>
       </conditions>
      </line>
      <line branch="false" hits="0" number="287"/>
      <line branch="false" hits="0" number="288"/>
      <line branch="false" hits="0" number="291"/>
      <line branch="false" hits="0" number="296"/>
      <line branch="false" hits="0" number="302"/>
      <line branch="false" hits="0" number="303"/>
      <line branch="true" condition-coverage="0% (0/2)" hits="0" number="305">
       <conditions>
        <condition coverage="0%" number="0" type="jump"/>
       </conditions>
      </line>
      <line branch="false" hits="0" number="309"/>
      <line branch="true" condition-coverage="0% (0/2)" hits="0" number="317">
       <conditions>
        <condition coverage="0%" number="0" type="jump"/>
       </conditions>
      </line>
      <line branch="false" hits="0" number="323"/>
      <line branch="false" hits="0" number="324"/>
      <line branch="false" hits="0" number="325"/>
      <line branch="false" hits="0" number="331"/>
      <line branch="false" hits="0" number="335"/>
      <line branch="false" hits="0" number="339"/>
      <line branch="false" hits="0" number="341"/>
      <line branch="false" hits="0" number="342"/>
      <line branch="false" hits="0" number="344"/>
      <line branch="false" hits="0" number="346"/>
      <line branch="false" hits="0" number="347"/>
      <line branch="false" hits="0" number="348"/>
      <line branch="false" hits="0" number="350"/>
      <line branch="false" hits="0" number="351"/>
      <line branch="false" hits="0" number="352"/>
      <line branch="false" hits="0" number="353"/>
      <line branch="false" hits="0" number="354"/>
      <line branch="false" hits="0" number="356"/>
      <line branch="false" hits="0" number="366"/>
      <line branch="false" hits="0" number="371"/>
      <line branch="false" hits="0" number="374"/>
      <line branch="false" hits="0" number="381"/>
      <line branch="false" hits="0" number="383"/>
     </lines>
    </class>
    <class branch-rate="0.0" complexity="0.0"
     filename="plugins/eds/gtd-provider-goa.h" line-rate="0.0"
     name="gtd-provider-goa_h">
     <methods/>
     <lines>
      <line branch="true" condition-coverage="0% (0/6)" hits="0" number="34">
       <conditions>
        <condition coverage="0%" number="0" type="jump"/>
       </conditions>
      </line>
     </lines>
    </class>
    <class branch-rate="0.55" complexity="0.0"
     filename="plugins/eds/gtd-provider-local.c" line-rate="0.611650485437"
     name="gtd-provider-local_c">
     <methods/>
     <lines>
      <line branch="true" condition-coverage="75% (6/8)" hits="15"
       number="34">
       <conditions>
        <condition coverage="75%" number="0" type="jump"/>
       </conditions>
      </line>
      <line branch="false" hits="6" number="52"/>
      <line branch="false" hits="6" number="54"/>
      <line branch="false" hits="9" number="58"/>
      <line branch="false" hits="9" number="60"/>
      <line branch="false" hits="10" number="64"/>
      <line branch="false" hits="10" number="66"/>
      <line branch="false" hits="3" number="71"/>
      <line branch="false" hits="3" number="73"/>
      <line branch="false" hits="9" number="77"/>
      <line branch="false" hits="9" number="81"/>
      <line branch="false" hits="9" number="83"/>
      <line branch="false" hits="0" number="87"/>
      <line branch="false" hits="0" number="89"/>
      <line branch="false" hits="0" number="93"/>
      <line branch="false" hits="0" number="96"/>
      <line branch="false" hits="0" number="100"/>
      <line branch="false" hits="0" number="103"/>
      <line branch="false" hits="0" number="107"/>
      <line branch="false" hits="0" number="110"/>
      <line branch="false" hits="0" number="114"/>
      <line branch="false" hits="0" number="122"/>
      <line branch="false" hits="0" number="125"/>
      <line branch="true" condition-coverage="0% (0/2)" hits="0" number="129">
       <conditions>
        <condition coverage="0%" number="0" type="jump"/>
       </conditions>
      </line>
      <line branch="false" hits="0" number="131"/>
      <line branch="false" hits="0" number="136"/>
      <line branch="false" hits="0" number="137"/>
      <line branch="false" hits="0" number="138"/>
      <line branch="false" hits="0" number="140"/>
      <line branch="false" hits="0" number="141"/>
      <line branch="false" hits="0" number="145"/>
      <line branch="false" hits="0" number="148"/>
      <line branch="false" hits="0" number="150"/>
      <line branch="false" hits="0" number="151"/>
      <line branch="false" hits="0" number="154"/>
      <line branch="false" hits="0" number="156"/>
      <line branch="false" hits="0" number="160"/>
      <line branch="false" hits="0" number="163"/>
      <line branch="false" hits="0" number="165"/>
      <line branch="false" hits="0" number="169"/>
      <line branch="false" hits="0" number="172"/>
      <line branch="false" hits="0" number="174"/>
      <line branch="false" hits="3" number="178"/>
      <line branch="false" hits="3" number="180"/>
      <line branch="false" hits="0" number="184"/>
      <line branch="false" hits="0" number="186"/>
      <line branch="false" hits="3" number="190"/>
      <line branch="false" hits="3" number="192"/>
      <line branch="false" hits="3" number="193"/>
      <line branch="false" hits="3" number="194"/>
      <line branch="false" hits="3" number="195"/>
      <line branch="false" hits="3" number="196"/>
      <line branch="false" hits="3" number="197"/>
      <line branch="false" hits="3" number="198"/>
      <line branch="false" hits="3" number="199"/>
      <line branch="false" hits="3" number="200"/>
      <line branch="false" hits="3" number="201"/>
      <line branch="false" hits="3" number="202"/>
      <line branch="false" hits="3" number="203"/>
      <line branch="false" hits="3" number="204"/>
      <line branch="false" hits="3" number="205"/>
      <line branch="false" hits="3" number="206"/>
      <line branch="false" hits="3" number="209"/>
      <line branch="false" hits="3" number="211"/>
      <line branch="false" hits="0" number="217"/>
      <line branch="false" hits="0" number="219"/>
      <line branch="true" condition-coverage="0% (0/2)" hits="0" number="221">
       <conditions>
        <condition coverage="0%" number="0" type="jump"/>
       </conditions>
      </line>
      <line branch="false" hits="0" number="223"/>
      <line branch="false" hits="18" number="227"/>
      <line branch="false" hits="18" number="232"/>
      <line branch="true" condition-coverage="66% (4/6)" hits="18"
       number="234">
       <conditions>
        <condition coverage="66%" number="0" type="jump"/>
       </conditions>
      </line>
      <line branch="false" hits="9" number="237"/>
      <line branch="false" hits="9" number="238"/>
      <line branch="false" hits="3" number="241"/>
      <line branch="false" hits="3" number="242"/>
      <line branch="false" hits="3" number="245"/>
      <line branch="false" hits="3" number="246"/>
      <line branch="false" hits="0" number="249"/>
      <line branch="false" hits="0" number="250"/>
      <line branch="false" hits="3" number="253"/>
      <line branch="false" hits="3" number="254"/>
      <line branch="false" hits="0" number="257"/>
      <line branch="false" hits="18" number="259"/>
      <line branch="false" hits="3" number="262"/>
      <line branch="true" condition-coverage="50% (1/2)" hits="3"
       number="265">
       <conditions>
        <condition coverage="50%" number="0" type="jump"/>
       </conditions>
      </line>
      <line branch="false" hits="3" number="266"/>
      <line branch="false" hits="0" number="268"/>
      <line branch="false" hits="3" number="272"/>
      <line branch="false" hits="3" number="274"/>
      <line branch="false" hits="3" number="275"/>
      <line branch="false" hits="3" number="277"/>
      <line branch="false" hits="3" number="279"/>
      <line branch="false" hits="3" number="280"/>
      <line branch="false" hits="3" number="282"/>
      <line branch="false" hits="3" number="283"/>
      <line branch="false" hits="3" number="284"/>
      <line branch="false" hits="3" number="285"/>
      <line branch="false" hits="3" number="286"/>
      <line branch="false" hits="3" number="287"/>
      <line branch="false" hits="3" number="290"/>
      <line branch="false" hits="3" number="292"/>
      <line branch="false" hits="3" number="295"/>
      <line branch="false" hits="3" number="296"/>
     </lines>
    </class>
    <class branch-rate="0.0" complexity="0.0"
     filename="plugins/eds/gtd-provider-local.h" line-rate="1.0"
     name="gtd-provider-local_h">
     <methods/>
     <lines>
      <line branch="false" hits="9" number="34"/>
     </lines>
    </class>
    <class branch-rate="0.375" complexity="0.0"
     filename="plugins/eds/gtd-task-list-eds.c" line-rate="0.658536585366"
     name="gtd-task-list-eds_c">
     <methods/>
     <lines>
      <line branch="true" condition-coverage="75% (6/8)" hits="12"
       number="32">
       <conditions>
        <condition coverage="75%" number="0" type="jump"/>
       </conditions>
      </line>
      <line branch="false" hits="0" number="41"/>
      <line branch="true" condition-coverage="0% (0/4)" hits="0" number="43">
       <conditions>
        <condition coverage="0%" number="0" type="jump"/>
       </conditions>
      </line>
      <line branch="false" hits="0" number="44"/>
      <line branch="false" hits="0" number="45"/>
      <line branch="false" hits="3" number="49"/>
      <line branch="false" hits="3" number="56"/>
      <line branch="false" hits="3" number="57"/>
      <line branch="false" hits="3" number="59"/>
      <line branch="false" hits="3" number="61"/>
      <line branch="true" condition-coverage="50% (1/2)" hits="3" number="65">
       <conditions>
        <condition coverage="50%" number="0" type="jump"/>
       </conditions>
      </line>
      <line branch="false" hits="0" number="67"/>
      <line branch="false" hits="0" number="71"/>
      <line branch="false" hits="3" number="73"/>
      <line branch="false" hits="3" number="76"/>
      <line branch="true" condition-coverage="50% (1/2)" hits="3" number="78">
       <conditions>
        <condition coverage="50%" number="0" type="jump"/>
       </conditions>
      </line>
      <line branch="true" condition-coverage="50% (1/2)" hits="3" number="80">
       <conditions>
        <condition coverage="50%" number="0" type="jump"/>
       </conditions>
      </line>
      <line branch="false" hits="3" number="81"/>
      <line branch="false" hits="3" number="83"/>
      <line branch="false" hits="3" number="85"/>
      <line branch="false" hits="3" number="90"/>
      <line branch="false" hits="3" number="92"/>
      <line branch="false" hits="3" number="100"/>
      <line branch="false" hits="3" number="101"/>
      <line branch="false" hits="3" number="103"/>
      <line branch="false" hits="3" number="105"/>
      <line branch="false" hits="3" number="107"/>
      <line branch="false" hits="0" number="111"/>
      <line branch="true" condition-coverage="0% (0/2)" hits="0" number="118">
       <conditions>
        <condition coverage="0%" number="0" type="jump"/>
       </conditions>
      </line>
      <line branch="false" hits="0" number="119"/>
      <line branch="false" hits="0" number="121"/>
      <line branch="false" hits="0" number="123"/>
      <line branch="false" hits="0" number="127"/>
      <line branch="false" hits="0" number="129"/>
      <line branch="false" hits="0" number="131"/>
      <line branch="true" condition-coverage="0% (0/2)" hits="0" number="133">
       <conditions>
        <condition coverage="0%" number="0" type="jump"/>
       </conditions>
      </line>
      <line branch="true" condition-coverage="0% (0/2)" hits="0" number="134">
       <conditions>
        <condition coverage="0%" number="0" type="jump"/>
       </conditions>
      </line>
      <line branch="false" hits="0" number="136"/>
      <line branch="false" hits="0" number="140"/>
      <line branch="false" hits="0" number="145"/>
      <line branch="true" condition-coverage="0% (0/2)" hits="0" number="147">
       <conditions>
        <condition coverage="0%" number="0" type="jump"/>
       </conditions>
      </line>
      <line branch="false" hits="0" number="150"/>
      <line branch="false" hits="0" number="151"/>
      <line branch="false" hits="0" number="154"/>
      <line branch="false" hits="3" number="159"/>
      <line branch="false" hits="3" number="164"/>
      <line branch="true" condition-coverage="50% (1/2)" hits="3"
       number="166">
       <conditions>
        <condition coverage="50%" number="0" type="jump"/>
       </conditions>
      </line>
      <line branch="false" hits="3" number="169"/>
      <line branch="false" hits="3" number="170"/>
      <line branch="false" hits="0" number="173"/>
      <line branch="false" hits="3" number="175"/>
      <line branch="false" hits="3" number="178"/>
      <line branch="false" hits="3" number="180"/>
      <line branch="false" hits="3" number="182"/>
      <line branch="false" hits="3" number="183"/>
      <line branch="false" hits="3" number="184"/>
      <line branch="false" hits="3" number="191"/>
      <line branch="false" hits="3" number="198"/>
      <line branch="false" hits="3" number="201"/>
      <line branch="false" hits="3" number="203"/>
      <line branch="false" hits="3" number="206"/>
      <line branch="false" hits="3" number="209"/>
      <line branch="false" hits="0" number="216"/>
      <line branch="true" condition-coverage="0% (0/2)" hits="0" number="218">
       <conditions>
        <condition coverage="0%" number="0" type="jump"/>
       </conditions>
      </line>
      <line branch="false" hits="0" number="220"/>
      <line branch="false" hits="3" number="224"/>
      <line branch="true" condition-coverage="50% (1/2)" hits="3"
       number="227">
       <conditions>
        <condition coverage="50%" number="0" type="jump"/>
       </conditions>
      </line>
      <line branch="true" condition-coverage="50% (1/2)" hits="3"
       number="229">
       <conditions>
        <condition coverage="50%" number="0" type="jump"/>
       </conditions>
      </line>
      <line branch="false" hits="3" number="235"/>
      <line branch="true" condition-coverage="50% (1/2)" hits="3"
       number="237">
       <conditions>
        <condition coverage="50%" number="0" type="jump"/>
       </conditions>
      </line>
      <line branch="false" hits="0" number="238"/>
      <line branch="false" hits="3" number="240"/>
      <line branch="false" hits="3" number="242"/>
      <line branch="false" hits="3" number="253"/>
      <line branch="false" hits="3" number="255"/>
      <line branch="false" hits="3" number="262"/>
      <line branch="true" condition-coverage="50% (2/4)" hits="6"
       number="268">
       <conditions>
        <condition coverage="50%" number="0" type="jump"/>
       </conditions>
      </line>
      <line branch="false" hits="3" number="269"/>
      <line branch="false" hits="3" number="270"/>
      <line branch="false" hits="3" number="272"/>
      <line branch="false" hits="3" number="277"/>
      <line branch="false" hits="3" number="282"/>
     </lines>
    </class>
    <class branch-rate="0.5" complexity="0.0"
     filename="plugins/eds/gtd-task-list-eds.h" line-rate="1.0"
     name="gtd-task-list-eds_h">
     <methods/>
     <lines>
      <line branch="true" condition-coverage="50% (3/6)" hits="6" number="30">
       <conditions>
        <condition coverage="50%" number="0" type="jump"/>
       </conditions>
      </line>
     </lines>
    </class>
   </classes>
  </package>
  <package branch-rate="0.0" complexity="0.0" line-rate="0.666666666667"
   name="plugins.eds.......src">
   <classes>
    <class branch-rate="0.0" complexity="0.0"
     filename="plugins/eds/../../src/gtd-object.h" line-rate="1.0"
     name="gtd-object_h">
     <methods/>
     <lines>
      <line branch="false" hits="21" number="30"/>
     </lines>
    </class>
    <class branch-rate="0.0" complexity="0.0"
     filename="plugins/eds/../../src/gtd-task-list.h" line-rate="1.0"
     name="gtd-task-list_h">
     <methods/>
     <lines>
      <line branch="true" condition-coverage="0% (0/6)" hits="12" number="32">
       <conditions>
        <condition coverage="0%" number="0" type="jump"/>
       </conditions>
      </line>
     </lines>
    </class>
    <class branch-rate="0.0" complexity="0.0"
     filename="plugins/eds/../../src/gtd-task.h" line-rate="0.0"
     name="gtd-task_h">
     <methods/>
     <lines>
      <line branch="true" condition-coverage="0% (0/6)" hits="0" number="31">
       <conditions>
        <condition coverage="0%" number="0" type="jump"/>
       </conditions>
      </line>
     </lines>
    </class>
   </classes>
  </package>
  <package branch-rate="0.0" complexity="0.0" line-rate="1.0"
   name="plugins.eds.......src.interfaces">
   <classes>
    <class branch-rate="0.0" complexity="0.0"
     filename="plugins/eds/../../src/interfaces/gtd-provider.h"
     line-rate="1.0" name="gtd-provider_h">
     <methods/>
     <lines>
      <line branch="false" hits="21" number="32"/>
     </lines>
    </class>
   </classes>
  </package>
  <package branch-rate="0.125" complexity="0.0" line-rate="0.403361344538"
   name="plugins.scheduled-panel">
   <classes>
    <class branch-rate="0.120689655172" complexity="0.0"
     filename="plugins/scheduled-panel/gtd-panel-scheduled.c"
     line-rate="0.317708333333" name="gtd-panel-scheduled_c">
     <methods/>
     <lines>
      <line branch="true" condition-coverage="75% (6/8)" hits="9" number="39">
       <conditions>
        <condition coverage="75%" number="0" type="jump"/>
       </conditions>
      </line>
      <line branch="false" hits="0" number="55"/>
      <line branch="false" hits="0" number="63"/>
      <line branch="false" hits="0" number="65"/>
      <line branch="false" hits="0" number="70"/>
      <line branch="true" condition-coverage="0% (0/2)" hits="0" number="75">
       <conditions>
        <condition coverage="0%" number="0" type="jump"/>
       </conditions>
      </line>
      <line branch="false" hits="0" number="77"/>
      <line branch="true" condition-coverage="0% (0/2)" hits="0" number="80">
       <conditions>
        <condition coverage="0%" number="0" type="jump"/>
       </conditions>
      </line>
      <line branch="false" hits="0" number="82"/>
      <line branch="true" condition-coverage="0% (0/2)" hits="0" number="85">
       <conditions>
        <condition coverage="0%" number="0" type="jump"/>
       </conditions>
      </line>
      <line branch="true" condition-coverage="0% (0/2)" hits="0" number="86">
       <conditions>
        <condition coverage="0%" number="0" type="jump"/>
       </conditions>
      </line>
      <line branch="true" condition-coverage="0% (0/2)" hits="0" number="87">
       <conditions>
        <condition coverage="0%" number="0" type="jump"/>
       </conditions>
      </line>
      <line branch="false" hits="0" number="89"/>
      <line branch="false" hits="0" number="93"/>
      <line branch="true" condition-coverage="0% (0/2)" hits="0" number="101">
       <conditions>
        <condition coverage="0%" number="0" type="jump"/>
       </conditions>
      </line>
      <line branch="false" hits="0" number="102"/>
      <line branch="false" hits="0" number="104"/>
      <line branch="true" condition-coverage="0% (0/2)" hits="0" number="106">
       <conditions>
        <condition coverage="0%" number="0" type="jump"/>
       </conditions>
      </line>
      <line branch="false" hits="0" number="108"/>
      <line branch="true" condition-coverage="0% (0/2)" hits="0" number="110">
       <conditions>
        <condition coverage="0%" number="0" type="jump"/>
       </conditions>
      </line>
      <line branch="false" hits="0" number="112"/>
      <line branch="true" condition-coverage="0% (0/2)" hits="0" number="114">
       <conditions>
        <condition coverage="0%" number="0" type="jump"/>
       </conditions>
      </line>
      <line branch="false" hits="0" number="116"/>
      <line branch="true" condition-coverage="0% (0/4)" hits="0" number="118">
       <conditions>
        <condition coverage="0%" number="0" type="jump"/>
       </conditions>
      </line>
      <line branch="false" hits="0" number="120"/>
      <line branch="true" condition-coverage="0% (0/4)" hits="0" number="122">
       <conditions>
        <condition coverage="0%" number="0" type="jump"/>
       </conditions>
      </line>
      <line branch="false" hits="0" number="124"/>
      <line branch="false" hits="0" number="128"/>
      <line branch="true" condition-coverage="0% (0/2)" hits="0" number="131">
       <conditions>
        <condition coverage="0%" number="0" type="jump"/>
       </conditions>
      </line>
      <line branch="false" hits="0" number="132"/>
      <line branch="false" hits="0" number="134"/>
      <line branch="false" hits="0" number="138"/>
      <line branch="true" condition-coverage="0% (0/2)" hits="0" number="146">
       <conditions>
        <condition coverage="0%" number="0" type="jump"/>
       </conditions>
      </line>
      <line branch="false" hits="0" number="155"/>
      <line branch="true" condition-coverage="0% (0/2)" hits="0" number="156">
       <conditions>
        <condition coverage="0%" number="0" type="jump"/>
       </conditions>
      </line>
      <line branch="false" hits="0" number="158"/>
      <line branch="false" hits="0" number="160"/>
      <line branch="false" hits="0" number="161"/>
      <line branch="false" hits="0" number="163"/>
      <line branch="false" hits="0" number="165"/>
      <line branch="false" hits="0" number="169"/>
      <line branch="false" hits="0" number="179"/>
      <line branch="true" condition-coverage="0% (0/2)" hits="0" number="181">
       <conditions>
        <condition coverage="0%" number="0" type="jump"/>
       </conditions>
      </line>
      <line branch="false" hits="0" number="183"/>
      <line branch="false" hits="0" number="185"/>
      <line branch="false" hits="0" number="189"/>
      <line branch="false" hits="0" number="197"/>
      <line branch="false" hits="0" number="199"/>
      <line branch="false" hits="0" number="200"/>
      <line branch="true" condition-coverage="0% (0/2)" hits="0" number="202">
       <conditions>
        <condition coverage="0%" number="0" type="jump"/>
       </conditions>
      </line>
      <line branch="false" hits="0" number="204"/>
      <line branch="false" hits="0" number="206"/>
      <line branch="false" hits="0" number="210"/>
      <line branch="false" hits="0" number="214"/>
      <line branch="true" condition-coverage="0% (0/2)" hits="0" number="217">
       <conditions>
        <condition coverage="0%" number="0" type="jump"/>
       </conditions>
      </line>
      <line branch="true" condition-coverage="0% (0/2)" hits="0" number="220">
       <conditions>
        <condition coverage="0%" number="0" type="jump"/>
       </conditions>
      </line>
      <line branch="false" hits="0" number="224"/>
      <line branch="true" condition-coverage="0% (0/4)" hits="0" number="236">
       <conditions>
        <condition coverage="0%" number="0" type="jump"/>
       </conditions>
      </line>
      <line branch="false" hits="0" number="237"/>
      <line branch="true" condition-coverage="0% (0/2)" hits="0" number="238">
       <conditions>
        <condition coverage="0%" number="0" type="jump"/>
       </conditions>
      </line>
      <line branch="false" hits="0" number="239"/>
      <line branch="true" condition-coverage="0% (0/2)" hits="0" number="240">
       <conditions>
        <condition coverage="0%" number="0" type="jump"/>
       </conditions>
      </line>
      <line branch="false" hits="0" number="241"/>
      <line branch="false" hits="0" number="244"/>
      <line branch="false" hits="0" number="245"/>
      <line branch="true" condition-coverage="0% (0/4)" hits="0" number="247">
       <conditions>
        <condition coverage="0%" number="0" type="jump"/>
       </conditions>
      </line>
      <line branch="false" hits="0" number="248"/>
      <line branch="true" condition-coverage="0% (0/2)" hits="0" number="249">
       <conditions>
        <condition coverage="0%" number="0" type="jump"/>
       </conditions>
      </line>
      <line branch="false" hits="0" number="250"/>
      <line branch="true" condition-coverage="0% (0/2)" hits="0" number="251">
       <conditions>
        <condition coverage="0%" number="0" type="jump"/>
       </conditions>
      </line>
      <line branch="false" hits="0" number="252"/>
      <line branch="false" hits="0" number="254"/>
      <line branch="true" condition-coverage="0% (0/2)" hits="0" number="256">
       <conditions>
        <condition coverage="0%" number="0" type="jump"/>
       </conditions>
      </line>
      <line branch="true" condition-coverage="0% (0/2)" hits="0" number="257">
       <conditions>
        <condition coverage="0%" number="0" type="jump"/>
       </conditions>
      </line>
      <line branch="true" condition-coverage="0% (0/2)" hits="0" number="259">
       <conditions>
        <condition coverage="0%" number="0" type="jump"/>
       </conditions>
      </line>
      <line branch="false" hits="0" number="260"/>
      <line branch="false" hits="0" number="263"/>
      <line branch="false" hits="0" number="264"/>
      <line branch="true" condition-coverage="0% (0/2)" hits="0" number="266">
       <conditions>
        <condition coverage="0%" number="0" type="jump"/>
       </conditions>
      </line>
      <line branch="false" hits="0" number="267"/>
      <line branch="false" hits="0" number="270"/>
      <line branch="false" hits="0" number="271"/>
      <line branch="true" condition-coverage="0% (0/2)" hits="0" number="273">
       <conditions>
        <condition coverage="0%" number="0" type="jump"/>
       </conditions>
      </line>
      <line branch="false" hits="0" number="274"/>
      <line branch="false" hits="0" number="277"/>
      <line branch="false" hits="0" number="278"/>
      <line branch="true" condition-coverage="0% (0/4)" hits="0" number="280">
       <conditions>
        <condition coverage="0%" number="0" type="jump"/>
       </conditions>
      </line>
      <line branch="false" hits="0" number="281"/>
      <line branch="true" condition-coverage="0% (0/2)" hits="0" number="282">
       <conditions>
        <condition coverage="0%" number="0" type="jump"/>
       </conditions>
      </line>
      <line branch="false" hits="0" number="283"/>
      <line branch="true" condition-coverage="0% (0/2)" hits="0" number="284">
       <conditions>
        <condition coverage="0%" number="0" type="jump"/>
       </conditions>
      </line>
      <line branch="false" hits="0" number="285"/>
      <line branch="false" hits="0" number="287"/>
      <line branch="true" condition-coverage="0% (0/2)" hits="0" number="289">
       <conditions>
        <condition coverage="0%" number="0" type="jump"/>
       </conditions>
      </line>
      <line branch="true" condition-coverage="0% (0/2)" hits="0" number="290">
       <conditions>
        <condition coverage="0%" number="0" type="jump"/>
       </conditions>
      </line>
      <line branch="true" condition-coverage="0% (0/2)" hits="0" number="292">
       <conditions>
        <condition coverage="0%" number="0" type="jump"/>
       </conditions>
      </line>
      <line branch="false" hits="0" number="293"/>
      <line branch="false" hits="0" number="296"/>
      <line branch="false" hits="0" number="298"/>
      <line branch="false" hits="0" number="299"/>
      <line branch="false" hits="0" number="301"/>
      <line branch="false" hits="0" number="303"/>
      <line branch="false" hits="0" number="304"/>
      <line branch="false" hits="0" number="306"/>
      <line branch="false" hits="3" number="310"/>
      <line branch="false" hits="3" number="317"/>
      <line branch="false" hits="3" number="318"/>
      <line branch="false" hits="3" number="319"/>
      <line branch="true" condition-coverage="50% (1/2)" hits="3"
       number="321">
       <conditions>
        <condition coverage="50%" number="0" type="jump"/>
       </conditions>
      </line>
      <line branch="true" condition-coverage="100% (2/2)" hits="6"
       number="324">
       <conditions>
        <condition coverage="100%" number="0" type="jump"/>
       </conditions>
      </line>
      <line branch="false" hits="3" number="329"/>
      <line branch="true" condition-coverage="50% (1/2)" hits="3"
       number="331">
       <conditions>
        <condition coverage="50%" number="0" type="jump"/>
       </conditions>
      </line>
      <line branch="false" hits="0" number="335"/>
      <line branch="true" condition-coverage="0% (0/2)" hits="0" number="341">
       <conditions>
        <condition coverage="0%" number="0" type="jump"/>
       </conditions>
      </line>
      <line branch="false" hits="0" number="343"/>
      <line branch="true" condition-coverage="0% (0/2)" hits="0" number="345">
       <conditions>
        <condition coverage="0%" number="0" type="jump"/>
       </conditions>
      </line>
      <line branch="false" hits="0" number="346"/>
      <line branch="true" condition-coverage="0% (0/2)" hits="0" number="349">
       <conditions>
        <condition coverage="0%" number="0" type="jump"/>
       </conditions>
      </line>
      <line branch="false" hits="3" number="352"/>
      <line branch="false" hits="3" number="356"/>
      <line branch="true" condition-coverage="50% (1/2)" hits="3"
       number="358">
       <conditions>
        <condition coverage="50%" number="0" type="jump"/>
       </conditions>
      </line>
      <line branch="false" hits="0" number="360"/>
      <line branch="true" condition-coverage="0% (0/2)" hits="0" number="363">
       <conditions>
        <condition coverage="0%" number="0" type="jump"/>
       </conditions>
      </line>
      <line branch="true" condition-coverage="0% (0/2)" hits="0" number="364">
       <conditions>
        <condition coverage="0%" number="0" type="jump"/>
       </conditions>
      </line>
      <line branch="false" hits="0" number="366"/>
      <line branch="false" hits="0" number="370"/>
      <line branch="false" hits="0" number="375"/>
      <line branch="false" hits="3" number="378"/>
      <line branch="false" hits="3" number="379"/>
      <line branch="false" hits="3" number="385"/>
      <line branch="false" hits="3" number="387"/>
      <line branch="false" hits="3" number="391"/>
      <line branch="false" hits="3" number="393"/>
      <line branch="false" hits="0" number="397"/>
      <line branch="false" hits="0" number="399"/>
      <line branch="false" hits="0" number="403"/>
      <line branch="false" hits="0" number="405"/>
      <line branch="false" hits="3" number="409"/>
      <line branch="false" hits="3" number="411"/>
      <line branch="false" hits="3" number="412"/>
      <line branch="false" hits="3" number="413"/>
      <line branch="false" hits="3" number="414"/>
      <line branch="false" hits="3" number="415"/>
      <line branch="false" hits="3" number="418"/>
      <line branch="false" hits="3" number="420"/>
      <line branch="true" condition-coverage="50% (1/2)" hits="3"
       number="422">
       <conditions>
        <condition coverage="50%" number="0" type="jump"/>
       </conditions>
      </line>
      <line branch="true" condition-coverage="50% (1/2)" hits="3"
       number="423">
       <conditions>
        <condition coverage="50%" number="0" type="jump"/>
       </conditions>
      </line>
      <line branch="true" condition-coverage="50% (1/2)" hits="3"
       number="424">
       <conditions>
        <condition coverage="50%" number="0" type="jump"/>
       </conditions>
      </line>
      <line branch="false" hits="3" number="426"/>
      <line branch="false" hits="3" number="427"/>
      <line branch="false" hits="0" number="430"/>
      <line branch="false" hits="0" number="435"/>
      <line branch="true" condition-coverage="0% (0/4)" hits="0" number="437">
       <conditions>
        <condition coverage="0%" number="0" type="jump"/>
       </conditions>
      </line>
      <line branch="false" hits="0" number="440"/>
      <line branch="false" hits="0" number="441"/>
      <line branch="false" hits="0" number="444"/>
      <line branch="false" hits="0" number="445"/>
      <line branch="false" hits="0" number="448"/>
      <line branch="false" hits="0" number="449"/>
      <line branch="false" hits="0" number="452"/>
      <line branch="false" hits="0" number="457"/>
      <line branch="false" hits="0" number="462"/>
      <line branch="false" hits="3" number="466"/>
      <line branch="false" hits="3" number="468"/>
      <line branch="false" hits="3" number="470"/>
      <line branch="false" hits="3" number="471"/>
      <line branch="false" hits="3" number="472"/>
      <line branch="false" hits="3" number="474"/>
      <line branch="false" hits="3" number="475"/>
      <line branch="false" hits="3" number="476"/>
      <line branch="false" hits="3" number="477"/>
      <line branch="false" hits="3" number="480"/>
      <line branch="false" hits="3" number="485"/>
      <line branch="false" hits="3" number="487"/>
      <line branch="false" hits="3" number="492"/>
      <line branch="false" hits="3" number="497"/>
      <line branch="false" hits="3" number="503"/>
      <line branch="false" hits="3" number="506"/>
      <line branch="false" hits="3" number="507"/>
      <line branch="false" hits="3" number="508"/>
      <line branch="false" hits="3" number="512"/>
      <line branch="false" hits="3" number="513"/>
      <line branch="false" hits="3" number="514"/>
      <line branch="false" hits="3" number="516"/>
      <line branch="false" hits="3" number="517"/>
      <line branch="false" hits="3" number="518"/>
      <line branch="false" hits="3" number="520"/>
      <line branch="false" hits="3" number="524"/>
      <line branch="false" hits="3" number="528"/>
      <line branch="false" hits="3" number="529"/>
      <line branch="false" hits="3" number="532"/>
      <line branch="false" hits="3" number="534"/>
     </lines>
    </class>
    <class branch-rate="0.0" complexity="0.0"
     filename="plugins/scheduled-panel/gtd-panel-scheduled.h" line-rate="1.0"
     name="gtd-panel-scheduled_h">
     <methods/>
     <lines>
      <line branch="false" hits="3" number="29"/>
     </lines>
    </class>
    <class branch-rate="0.25" complexity="0.0"
     filename="plugins/scheduled-panel/gtd-plugin-scheduled-panel.c"
     line-rate="0.75" name="gtd-plugin-scheduled-panel_c">
     <methods/>
     <lines>
      <line branch="true" condition-coverage="50% (1/2)" hits="12"
       number="37">
       <conditions>
        <condition coverage="50%" number="0" type="jump"/>
       </conditions>
      </line>
      <line branch="false" hits="3" number="52"/>
      <line branch="false" hits="3" number="55"/>
      <line branch="false" hits="0" number="58"/>
      <line branch="false" hits="3" number="64"/>
      <line branch="false" hits="3" number="66"/>
      <line branch="false" hits="3" number="70"/>
      <line branch="false" hits="3" number="72"/>
      <line branch="false" hits="3" number="76"/>
      <line branch="false" hits="3" number="78"/>
      <line branch="false" hits="3" number="80"/>
      <line branch="false" hits="3" number="84"/>
      <line branch="false" hits="3" number="86"/>
      <line branch="false" hits="3" number="90"/>
      <line branch="false" hits="3" number="92"/>
      <line branch="false" hits="3" number="93"/>
      <line branch="false" hits="3" number="94"/>
      <line branch="false" hits="3" number="95"/>
      <line branch="false" hits="3" number="96"/>
      <line branch="false" hits="3" number="97"/>
      <line branch="false" hits="3" number="98"/>
      <line branch="false" hits="0" number="101"/>
      <line branch="false" hits="0" number="103"/>
      <line branch="false" hits="0" number="105"/>
      <line branch="false" hits="0" number="107"/>
      <line branch="false" hits="0" number="111"/>
      <line branch="true" condition-coverage="0% (0/2)" hits="0" number="116">
       <conditions>
        <condition coverage="0%" number="0" type="jump"/>
       </conditions>
      </line>
      <line branch="false" hits="0" number="119"/>
      <line branch="false" hits="0" number="120"/>
      <line branch="false" hits="0" number="123"/>
      <line branch="false" hits="3" number="128"/>
      <line branch="false" hits="3" number="130"/>
      <line branch="false" hits="3" number="132"/>
      <line branch="false" hits="3" number="133"/>
      <line branch="false" hits="3" number="135"/>
      <line branch="false" hits="3" number="138"/>
      <line branch="false" hits="3" number="141"/>
      <line branch="false" hits="3" number="143"/>
      <line branch="false" hits="3" number="144"/>
      <line branch="false" hits="0" number="147"/>
      <line branch="false" hits="3" number="152"/>
      <line branch="false" hits="3" number="154"/>
      <line branch="false" hits="3" number="156"/>
      <line branch="false" hits="3" number="159"/>
     </lines>
    </class>
    <class branch-rate="0.0" complexity="0.0"
     filename="plugins/scheduled-panel/gtd-plugin-scheduled-panel.h"
     line-rate="1.0" name="gtd-plugin-scheduled-panel_h">
     <methods/>
     <lines>
      <line branch="false" hits="3" number="29"/>
     </lines>
    </class>
   </classes>
  </package>
  <package branch-rate="0.0" complexity="0.0" line-rate="1.0"
   name="plugins.scheduled-panel.......src">
   <classes>
    <class branch-rate="0.0" complexity="0.0"
     filename="plugins/scheduled-panel/../../src/gtd-task-list-view.h"
     line-rate="1.0" name="gtd-task-list-view_h">
     <methods/>
     <lines>
      <line branch="false" hits="15" number="30"/>
     </lines>
    </class>
   </classes>
  </package>
  <package branch-rate="0.327586206897" complexity="0.0"
   line-rate="0.679012345679" name="plugins.today-panel">
   <classes>
    <class branch-rate="0.333333333333" complexity="0.0"
     filename="plugins/today-panel/gtd-panel-today.c"
     line-rate="0.646551724138" name="gtd-panel-today_c">
     <methods/>
     <lines>
      <line branch="true" condition-coverage="75% (6/8)" hits="9" number="40">
       <conditions>
        <condition coverage="75%" number="0" type="jump"/>
       </conditions>
      </line>
[...]
       </conditions>
      </line>
      <line branch="false" hits="3" number="103"/>
      <line branch="false" hits="3" number="104"/>
      <line branch="false" hits="3" number="107"/>
      <line branch="false" hits="0" number="110"/>
      <line branch="false" hits="0" number="111"/>
      <line branch="false" hits="0" number="114"/>
      <line branch="false" hits="0" number="117"/>
      <line branch="false" hits="0" number="118"/>
      <line branch="false" hits="3" number="121"/>
      <line branch="false" hits="3" number="124"/>
      <line branch="false" hits="3" number="128"/>
      <line branch="false" hits="3" number="129"/>
      <line branch="false" hits="3" number="130"/>
      <line branch="false" hits="0" number="133"/>
      <line branch="true" condition-coverage="0% (0/2)" hits="0" number="137">
       <conditions>
        <condition coverage="0%" number="0" type="jump"/>
       </conditions>
      </line>
      <line branch="false" hits="0" number="138"/>
      <line branch="false" hits="0" number="140"/>
      <line branch="false" hits="0" number="142"/>
      <line branch="false" hits="0" number="146"/>
      <line branch="false" hits="0" number="152"/>
      <line branch="false" hits="0" number="153"/>
      <line branch="false" hits="0" number="155"/>
      <line branch="false" hits="0" number="160"/>
      <line branch="true" condition-coverage="0% (0/2)" hits="0" number="164">
       <conditions>
        <condition coverage="0%" number="0" type="jump"/>
       </conditions>
      </line>
      <line branch="false" hits="0" number="166"/>
      <line branch="false" hits="0" number="169"/>
      <line branch="false" hits="0" number="173"/>
      <line branch="false" hits="0" number="180"/>
      <line branch="false" hits="0" number="181"/>
      <line branch="false" hits="0" number="183"/>
      <line branch="false" hits="0" number="188"/>
      <line branch="false" hits="0" number="189"/>
      <line branch="false" hits="0" number="191"/>
      <line branch="false" hits="0" number="195"/>
      <line branch="false" hits="0" number="202"/>
      <line branch="false" hits="0" number="203"/>
      <line branch="false" hits="0" number="204"/>
      <line branch="true" condition-coverage="0% (0/2)" hits="0" number="206">
       <conditions>
        <condition coverage="0%" number="0" type="jump"/>
       </conditions>
      </line>
      <line branch="false" hits="0" number="210"/>
      <line branch="true" condition-coverage="0% (0/2)" hits="0" number="212">
       <conditions>
        <condition coverage="0%" number="0" type="jump"/>
       </conditions>
      </line>
      <line branch="false" hits="0" number="214"/>
      <line branch="false" hits="0" number="215"/>
      <line branch="true" condition-coverage="0% (0/4)" hits="0" number="219">
       <conditions>
        <condition coverage="0%" number="0" type="jump"/>
       </conditions>
      </line>
      <line branch="false" hits="0" number="220"/>
      <line branch="false" hits="1" number="224"/>
      <line branch="false" hits="1" number="231"/>
      <line branch="true" condition-coverage="33% (1/3)" hits="1"
       number="233">
       <conditions>
        <condition coverage="33%" number="0" type="jump"/>
       </conditions>
      </line>
      <line branch="false" hits="0" number="236"/>
      <line branch="false" hits="0" number="237"/>
      <line branch="false" hits="1" number="240"/>
      <line branch="false" hits="1" number="242"/>
      <line branch="false" hits="1" number="246"/>
      <line branch="false" hits="1" number="248"/>
      <line branch="false" hits="1" number="249"/>
      <line branch="false" hits="1" number="250"/>
      <line branch="false" hits="1" number="251"/>
      <line branch="false" hits="1" number="252"/>
      <line branch="false" hits="1" number="253"/>
      <line branch="false" hits="1" number="254"/>
      <line branch="false" hits="1" number="255"/>
      <line branch="false" hits="1" number="256"/>
      <line branch="false" hits="1" number="258"/>
      <line branch="false" hits="1" number="262"/>
      <line branch="false" hits="1" number="266"/>
      <line branch="false" hits="1" number="268"/>
      <line branch="false" hits="1" number="269"/>
      <line branch="false" hits="0" number="272"/>
      <line branch="false" hits="1" number="274"/>
      <line branch="false" hits="0" number="277"/>
      <line branch="false" hits="0" number="282"/>
      <line branch="false" hits="0" number="284"/>
      <line branch="false" hits="0" number="285"/>
      <line branch="false" hits="0" number="286"/>
      <line branch="false" hits="0" number="287"/>
      <line branch="false" hits="0" number="288"/>
      <line branch="false" hits="0" number="289"/>
      <line branch="false" hits="0" number="291"/>
      <line branch="false" hits="0" number="293"/>
      <line branch="false" hits="0" number="295"/>
      <line branch="false" hits="0" number="299"/>
      <line branch="false" hits="0" number="303"/>
      <line branch="false" hits="0" number="304"/>
      <line branch="false" hits="0" number="308"/>
      <line branch="true" condition-coverage="0% (0/2)" hits="0" number="317">
       <conditions>
        <condition coverage="0%" number="0" type="jump"/>
       </conditions>
      </line>
      <line branch="false" hits="0" number="318"/>
      <line branch="false" hits="0" number="320"/>
      <line branch="false" hits="0" number="321"/>
      <line branch="true" condition-coverage="0% (0/4)" hits="0" number="323">
       <conditions>
        <condition coverage="0%" number="0" type="jump"/>
       </conditions>
      </line>
      <line branch="false" hits="0" number="329"/>
      <line branch="false" hits="0" number="330"/>
      <line branch="false" hits="0" number="331"/>
      <line branch="false" hits="0" number="333"/>
      <line branch="false" hits="0" number="334"/>
      <line branch="false" hits="0" number="335"/>
      <line branch="false" hits="0" number="337"/>
      <line branch="false" hits="0" number="340"/>
      <line branch="false" hits="0" number="344"/>
      <line branch="false" hits="0" number="348"/>
      <line branch="true" condition-coverage="0% (0/4)" hits="0" number="350">
       <conditions>
        <condition coverage="0%" number="0" type="jump"/>
       </conditions>
      </line>
      <line branch="false" hits="0" number="355"/>
      <line branch="false" hits="0" number="356"/>
      <line branch="false" hits="0" number="358"/>
      <line branch="false" hits="0" number="359"/>
      <line branch="false" hits="0" number="360"/>
      <line branch="false" hits="0" number="362"/>
      <line branch="false" hits="0" number="365"/>
      <line branch="false" hits="0" number="369"/>
      <line branch="false" hits="0" number="378"/>
      <line branch="false" hits="0" number="380"/>
      <line branch="false" hits="0" number="384"/>
      <line branch="false" hits="0" number="386"/>
      <line branch="false" hits="0" number="387"/>
      <line branch="false" hits="0" number="390"/>
      <line branch="false" hits="0" number="391"/>
      <line branch="false" hits="0" number="394"/>
      <line branch="false" hits="0" number="395"/>
      <line branch="false" hits="0" number="398"/>
      <line branch="false" hits="0" number="399"/>
      <line branch="false" hits="0" number="402"/>
      <line branch="false" hits="0" number="403"/>
      <line branch="false" hits="0" number="405"/>
      <line branch="true" condition-coverage="0% (0/2)" hits="0" number="408">
       <conditions>
        <condition coverage="0%" number="0" type="jump"/>
       </conditions>
      </line>
      <line branch="false" hits="0" number="410"/>
      <line branch="true" condition-coverage="0% (0/2)" hits="0" number="412">
       <conditions>
        <condition coverage="0%" number="0" type="jump"/>
       </conditions>
      </line>
      <line branch="false" hits="0" number="416"/>
      <line branch="true" condition-coverage="0% (0/2)" hits="0" number="418">
       <conditions>
        <condition coverage="0%" number="0" type="jump"/>
       </conditions>
      </line>
      <line branch="false" hits="0" number="419"/>
      <line branch="false" hits="0" number="422"/>
      <line branch="false" hits="0" number="425"/>
      <line branch="false" hits="0" number="428"/>
      <line branch="false" hits="3" number="435"/>
      <line branch="false" hits="3" number="437"/>
      <line branch="false" hits="3" number="440"/>
      <line branch="false" hits="3" number="441"/>
      <line branch="false" hits="3" number="442"/>
      <line branch="false" hits="3" number="443"/>
      <line branch="false" hits="3" number="444"/>
      <line branch="false" hits="3" number="445"/>
      <line branch="false" hits="3" number="447"/>
      <line branch="false" hits="4" number="451"/>
      <line branch="true" condition-coverage="100% (2/2)" hits="4"
       number="453">
       <conditions>
        <condition coverage="100%" number="0" type="jump"/>
       </conditions>
      </line>
      <line branch="false" hits="3" number="455"/>
      <line branch="false" hits="1" number="458"/>
      <line branch="false" hits="3" number="462"/>
      <line branch="false" hits="3" number="464"/>
      <line branch="false" hits="3" number="468"/>
      <line branch="false" hits="3" number="470"/>
      <line branch="false" hits="3" number="474"/>
      <line branch="false" hits="3" number="476"/>
      <line branch="false" hits="3" number="477"/>
      <line branch="false" hits="3" number="478"/>
      <line branch="false" hits="3" number="479"/>
      <line branch="false" hits="3" number="480"/>
      <line branch="false" hits="0" number="483"/>
      <line branch="false" hits="0" number="485"/>
      <line branch="true" condition-coverage="0% (0/2)" hits="0" number="487">
       <conditions>
        <condition coverage="0%" number="0" type="jump"/>
       </conditions>
      </line>
      <line branch="false" hits="0" number="489"/>
      <line branch="false" hits="0" number="493"/>
      <line branch="false" hits="0" number="498"/>
      <line branch="true" condition-coverage="0% (0/6)" hits="0" number="500">
       <conditions>
        <condition coverage="0%" number="0" type="jump"/>
       </conditions>
      </line>
      <line branch="false" hits="0" number="503"/>
      <line branch="false" hits="0" number="504"/>
      <line branch="false" hits="0" number="507"/>
      <line branch="false" hits="0" number="508"/>
      <line branch="false" hits="0" number="511"/>
      <line branch="false" hits="0" number="512"/>
      <line branch="false" hits="0" number="515"/>
      <line branch="false" hits="0" number="516"/>
      <line branch="false" hits="0" number="519"/>
      <line branch="false" hits="0" number="520"/>
      <line branch="false" hits="0" number="523"/>
      <line branch="false" hits="0" number="528"/>
      <line branch="true" condition-coverage="0% (0/2)" hits="0" number="531">
       <conditions>
        <condition coverage="0%" number="0" type="jump"/>
       </conditions>
      </line>
      <line branch="false" hits="0" number="535"/>
      <line branch="false" hits="0" number="537"/>
      <line branch="false" hits="0" number="538"/>
      <line branch="false" hits="0" number="539"/>
      <line branch="false" hits="0" number="540"/>
      <line branch="false" hits="0" number="541"/>
      <line branch="false" hits="0" number="543"/>
      <line branch="false" hits="0" number="545"/>
      <line branch="false" hits="0" number="550"/>
      <line branch="false" hits="0" number="555"/>
      <line branch="true" condition-coverage="0% (0/3)" hits="0" number="557">
       <conditions>
        <condition coverage="0%" number="0" type="jump"/>
       </conditions>
      </line>
      <line branch="false" hits="0" number="560"/>
      <line branch="false" hits="0" number="561"/>
      <line branch="false" hits="0" number="564"/>
      <line branch="false" hits="0" number="565"/>
      <line branch="false" hits="0" number="568"/>
      <line branch="false" hits="3" number="573"/>
      <line branch="false" hits="3" number="575"/>
      <line branch="false" hits="3" number="576"/>
      <line branch="false" hits="3" number="578"/>
      <line branch="false" hits="3" number="579"/>
      <line branch="false" hits="3" number="580"/>
      <line branch="false" hits="3" number="582"/>
      <line branch="false" hits="3" number="586"/>
      <line branch="false" hits="3" number="590"/>
      <line branch="false" hits="3" number="601"/>
      <line branch="false" hits="3" number="615"/>
      <line branch="false" hits="3" number="624"/>
      <line branch="false" hits="3" number="626"/>
      <line branch="false" hits="3" number="627"/>
      <line branch="false" hits="3" number="628"/>
      <line branch="false" hits="3" number="629"/>
      <line branch="false" hits="3" number="630"/>
      <line branch="false" hits="3" number="631"/>
      <line branch="false" hits="3" number="632"/>
      <line branch="false" hits="3" number="633"/>
      <line branch="false" hits="3" number="634"/>
      <line branch="false" hits="3" number="635"/>
      <line branch="false" hits="3" number="636"/>
      <line branch="false" hits="3" number="637"/>
      <line branch="false" hits="3" number="638"/>
      <line branch="false" hits="3" number="639"/>
      <line branch="false" hits="3" number="640"/>
      <line branch="false" hits="3" number="641"/>
      <line branch="false" hits="3" number="642"/>
      <line branch="false" hits="3" number="644"/>
      <line branch="false" hits="3" number="645"/>
      <line branch="false" hits="3" number="646"/>
      <line branch="false" hits="3" number="647"/>
      <line branch="false" hits="3" number="648"/>
      <line branch="false" hits="3" number="649"/>
      <line branch="false" hits="3" number="650"/>
      <line branch="false" hits="3" number="651"/>
      <line branch="false" hits="3" number="652"/>
      <line branch="false" hits="3" number="653"/>
      <line branch="false" hits="6" number="656"/>
      <line branch="false" hits="6" number="662"/>
      <line branch="false" hits="6" number="668"/>
      <line branch="false" hits="6" number="674"/>
      <line branch="false" hits="6" number="679"/>
      <line branch="false" hits="6" number="683"/>
      <line branch="false" hits="3" number="686"/>
      <line branch="false" hits="3" number="690"/>
      <line branch="false" hits="3" number="693"/>
      <line branch="false" hits="3" number="695"/>
      <line branch="false" hits="3" number="701"/>
      <line branch="false" hits="3" number="703"/>
      <line branch="false" hits="3" number="709"/>
      <line branch="false" hits="3" number="711"/>
      <line branch="false" hits="3" number="714"/>
      <line branch="false" hits="3" number="715"/>
      <line branch="false" hits="3" number="716"/>
      <line branch="false" hits="3" number="718"/>
      <line branch="false" hits="3" number="721"/>
      <line branch="false" hits="3" number="723"/>
     </lines>
    </class>
    <class branch-rate="0.0" complexity="0.0"
     filename="src/views/gtd-list-selector-panel.h" line-rate="1.0"
     name="gtd-list-selector-panel_h">
     <methods/>
     <lines>
      <line branch="false" hits="4" number="30"/>
     </lines>
    </class>
    <class branch-rate="0.285714285714" complexity="0.0"
     filename="src/views/gtd-list-selector.c" line-rate="0.384615384615"
     name="gtd-list-selector_c">
     <methods/>
     <lines>
      <line branch="true" condition-coverage="75% (6/8)" hits="36"
       number="23">
       <conditions>
        <condition coverage="75%" number="0" type="jump"/>
       </conditions>
      </line>
      <line branch="false" hits="3" number="33"/>
      <line branch="false" hits="3" number="40"/>
      <line branch="false" hits="3" number="53"/>
      <line branch="false" hits="3" number="66"/>
      <line branch="false" hits="3" number="76"/>
      <line branch="false" hits="0" number="79"/>
      <line branch="true" condition-coverage="0% (0/2)" hits="0" number="81">
       <conditions>
        <condition coverage="0%" number="0" type="jump"/>
       </conditions>
      </line>
      <line branch="true" condition-coverage="0% (0/2)" hits="0" number="82">
       <conditions>
        <condition coverage="0%" number="0" type="jump"/>
       </conditions>
      </line>
      <line branch="false" hits="0" number="84"/>
      <line branch="false" hits="0" number="88"/>
      <line branch="true" condition-coverage="0% (0/2)" hits="0" number="91">
       <conditions>
        <condition coverage="0%" number="0" type="jump"/>
       </conditions>
      </line>
      <line branch="true" condition-coverage="0% (0/2)" hits="0" number="92">
       <conditions>
        <condition coverage="0%" number="0" type="jump"/>
       </conditions>
      </line>
      <line branch="false" hits="0" number="94"/>
      <line branch="false" hits="0" number="98"/>
      <line branch="true" condition-coverage="0% (0/2)" hits="0" number="100">
       <conditions>
        <condition coverage="0%" number="0" type="jump"/>
       </conditions>
      </line>
      <line branch="true" condition-coverage="0% (0/2)" hits="0" number="101">
       <conditions>
        <condition coverage="0%" number="0" type="jump"/>
       </conditions>
      </line>
      <line branch="false" hits="0" number="103"/>
      <line branch="false" hits="6" number="107"/>
      <line branch="true" condition-coverage="50% (1/2)" hits="6"
       number="110">
       <conditions>
        <condition coverage="50%" number="0" type="jump"/>
       </conditions>
      </line>
      <line branch="true" condition-coverage="50% (1/2)" hits="6"
       number="111">
       <conditions>
        <condition coverage="50%" number="0" type="jump"/>
       </conditions>
      </line>
      <line branch="false" hits="6" number="113"/>
      <line branch="false" hits="0" number="117"/>
      <line branch="true" condition-coverage="0% (0/2)" hits="0" number="119">
       <conditions>
        <condition coverage="0%" number="0" type="jump"/>
       </conditions>
      </line>
      <line branch="true" condition-coverage="0% (0/2)" hits="0" number="120">
       <conditions>
        <condition coverage="0%" number="0" type="jump"/>
       </conditions>
      </line>
      <line branch="false" hits="0" number="122"/>
     </lines>
    </class>
    <class branch-rate="0.5" complexity="0.0"
     filename="src/views/gtd-list-selector.h" line-rate="1.0"
     name="gtd-list-selector_h">
     <methods/>
     <lines>
      <line branch="true" condition-coverage="50% (3/6)" hits="27"
       number="31">
       <conditions>
        <condition coverage="50%" number="0" type="jump"/>
       </conditions>
      </line>
     </lines>
    </class>
   </classes>
  </package>
  <package branch-rate="0.5" complexity="0.0" line-rate="1.0" name="tests">
   <classes>
    <class branch-rate="0.5" complexity="0.0"
     filename="tests/test-gtd-simple-test.c" line-rate="1.0"
     name="test-gtd-simple-test_c">
     <methods/>
     <lines>
      <line branch="false" hits="2" number="5"/>
      <line branch="true" condition-coverage="50% (1/2)" hits="2" number="8">
       <conditions>
        <condition coverage="50%" number="0" type="jump"/>
       </conditions>
      </line>
      <line branch="true" condition-coverage="50% (1/2)" hits="2" number="10">
       <conditions>
        <condition coverage="50%" number="0" type="jump"/>
       </conditions>
      </line>
      <line branch="false" hits="2" number="11"/>
      <line branch="false" hits="2" number="14"/>
      <line branch="false" hits="2" number="18"/>
      <line branch="false" hits="2" number="20"/>
      <line branch="false" hits="2" number="22"/>
     </lines>
    </class>
   </classes>
  </package>
 </packages>
</coverage>

